# JRE version: OpenJDK Runtime Environment (17.0.7) (build 17.0.7+0-b2043.56-10550314)
# Java VM: OpenJDK 64-Bit Server VM (17.0.7+0-b2043.56-10550314, mixed mode, tiered, compressed oops, compressed class ptrs, g1 gc, windows-amd64)
GC Precious Log:
 CPUs: 6 total, 6 available
 Memory: 7322M
 Large Page Support: Disabled
 NUMA Support: Disabled
 Compressed Oops: Enabled (32-bit)
 Heap Region Size: 1M
 Heap Min Capacity: 8M
 Heap Initial Capacity: 116M
 Heap Max Capacity: 2G
 Pre-touch: Disabled
 Parallel Workers: 6
 Concurrent Workers: 2
 Concurrent Refinement Workers: 6
 Periodic GC: Disabled
Heap:
 garbage-first heap   total 485376K, used 223949K [0x0000000080000000, 0x0000000100000000)
  region size 1024K, 4 young (4096K), 4 survivors (4096K)
 Metaspace       used 211058K, committed 212352K, reserved 1245184K
  class space    used 27656K, committed 28288K, reserved 1048576K
GC Heap History (20 events):
Event: 573.574 GC heap after
{Heap after GC invocations=85 (full 0):
 garbage-first heap   total 473088K, used 202620K [0x0000000080000000, 0x0000000100000000)
  region size 1024K, 3 young (3072K), 3 survivors (3072K)
 Metaspace       used 209253K, committed 210368K, reserved 1245184K
  class space    used 27564K, committed 28096K, reserved 1048576K
}
Event: 574.687 GC heap before
{Heap before GC invocations=85 (full 0):
 garbage-first heap   total 473088K, used 255868K [0x0000000080000000, 0x0000000100000000)
  region size 1024K, 56 young (57344K), 3 survivors (3072K)
 Metaspace       used 209474K, committed 210560K, reserved 1245184K
  class space    used 27566K, committed 28096K, reserved 1048576K
}
Event: 574.717 GC heap after
{Heap after GC invocations=86 (full 0):
 garbage-first heap   total 473088K, used 208940K [0x0000000080000000, 0x0000000100000000)
  region size 1024K, 10 young (10240K), 10 survivors (10240K)
 Metaspace       used 209474K, committed 210560K, reserved 1245184K
  class space    used 27566K, committed 28096K, reserved 1048576K
}
Event: 735.817 GC heap before
{Heap before GC invocations=87 (full 0):
 garbage-first heap   total 485376K, used 440364K [0x0000000080000000, 0x0000000100000000)
  region size 1024K, 185 young (189440K), 10 survivors (10240K)
 Metaspace       used 209814K, committed 210944K, reserved 1245184K
  class space    used 27586K, committed 28160K, reserved 1048576K
}
Event: 735.907 GC heap after
{Heap after GC invocations=88 (full 0):
 garbage-first heap   total 485376K, used 213607K [0x0000000080000000, 0x0000000100000000)
  region size 1024K, 14 young (14336K), 14 survivors (14336K)
 Metaspace       used 209814K, committed 210944K, reserved 1245184K
  class space    used 27586K, committed 28160K, reserved 1048576K
}
Event: 736.145 GC heap before
{Heap before GC invocations=88 (full 0):
 garbage-first heap   total 485376K, used 222823K [0x0000000080000000, 0x0000000100000000)
  region size 1024K, 23 young (23552K), 14 survivors (14336K)
 Metaspace       used 209846K, committed 210944K, reserved 1245184K
  class space    used 27588K, committed 28160K, reserved 1048576K
}
Event: 736.233 GC heap after
{Heap after GC invocations=89 (full 0):
 garbage-first heap   total 485376K, used 204821K [0x0000000080000000, 0x0000000100000000)
  region size 1024K, 3 young (3072K), 3 survivors (3072K)
 Metaspace       used 209846K, committed 210944K, reserved 1245184K
  class space    used 27588K, committed 28160K, reserved 1048576K
}
Event: 740.220 GC heap before
{Heap before GC invocations=89 (full 0):
 garbage-first heap   total 485376K, used 295957K [0x0000000080000000, 0x0000000100000000)
  region size 1024K, 94 young (96256K), 3 survivors (3072K)
 Metaspace       used 210308K, committed 211520K, reserved 1245184K
  class space    used 27632K, committed 28224K, reserved 1048576K
}
Event: 740.254 GC heap after
{Heap after GC invocations=90 (full 0):
 garbage-first heap   total 485376K, used 211894K [0x0000000080000000, 0x0000000100000000)
  region size 1024K, 10 young (10240K), 10 survivors (10240K)
 Metaspace       used 210308K, committed 211520K, reserved 1245184K
  class space    used 27632K, committed 28224K, reserved 1048576K
}
Event: 917.429 GC heap before
{Heap before GC invocations=91 (full 0):
 garbage-first heap   total 485376K, used 443054K [0x0000000080000000, 0x0000000100000000)
  region size 1024K, 185 young (189440K), 10 survivors (10240K)
 Metaspace       used 210571K, committed 211776K, reserved 1245184K
  class space    used 27635K, committed 28224K, reserved 1048576K
}
Event: 917.486 GC heap after
{Heap after GC invocations=92 (full 0):
 garbage-first heap   total 485376K, used 224520K [0x0000000080000000, 0x0000000100000000)
  region size 1024K, 23 young (23552K), 23 survivors (23552K)
 Metaspace       used 210571K, committed 211776K, reserved 1245184K
  class space    used 27635K, committed 28224K, reserved 1048576K
}
Event: 917.500 GC heap before
{Heap before GC invocations=92 (full 0):
 garbage-first heap   total 485376K, used 225544K [0x0000000080000000, 0x0000000100000000)
  region size 1024K, 24 young (24576K), 23 survivors (23552K)
 Metaspace       used 210571K, committed 211776K, reserved 1245184K
  class space    used 27635K, committed 28224K, reserved 1048576K
}
Event: 917.531 GC heap after
{Heap after GC invocations=93 (full 0):
 garbage-first heap   total 485376K, used 216967K [0x0000000080000000, 0x0000000100000000)
  region size 1024K, 3 young (3072K), 3 survivors (3072K)
 Metaspace       used 210571K, committed 211776K, reserved 1245184K
  class space    used 27635K, committed 28224K, reserved 1048576K
}
Event: 921.110 GC heap before
{Heap before GC invocations=93 (full 0):
 garbage-first heap   total 485376K, used 284551K [0x0000000080000000, 0x0000000100000000)
  region size 1024K, 71 young (72704K), 3 survivors (3072K)
 Metaspace       used 210707K, committed 211904K, reserved 1245184K
  class space    used 27641K, committed 28224K, reserved 1048576K
}
Event: 921.116 GC heap after
{Heap after GC invocations=94 (full 0):
 garbage-first heap   total 485376K, used 216928K [0x0000000080000000, 0x0000000100000000)
  region size 1024K, 3 young (3072K), 3 survivors (3072K)
 Metaspace       used 210707K, committed 211904K, reserved 1245184K
  class space    used 27641K, committed 28224K, reserved 1048576K
}
Event: 1089.357 GC heap before
{Heap before GC invocations=95 (full 0):
 garbage-first heap   total 485376K, used 446304K [0x0000000080000000, 0x0000000100000000)
  region size 1024K, 176 young (180224K), 3 survivors (3072K)
 Metaspace       used 211015K, committed 212288K, reserved 1245184K
  class space    used 27655K, committed 28288K, reserved 1048576K
}
Event: 1089.414 GC heap after
{Heap after GC invocations=96 (full 0):
 garbage-first heap   total 485376K, used 230436K [0x0000000080000000, 0x0000000100000000)
  region size 1024K, 16 young (16384K), 16 survivors (16384K)
 Metaspace       used 211015K, committed 212288K, reserved 1245184K
  class space    used 27655K, committed 28288K, reserved 1048576K
}
Event: 1089.439 GC heap before
{Heap before GC invocations=96 (full 0):
 garbage-first heap   total 485376K, used 236580K [0x0000000080000000, 0x0000000100000000)
  region size 1024K, 23 young (23552K), 16 survivors (16384K)
 Metaspace       used 211015K, committed 212288K, reserved 1245184K
  class space    used 27655K, committed 28288K, reserved 1048576K
}
Event: 1089.492 GC heap after
{Heap after GC invocations=97 (full 0):
 garbage-first heap   total 485376K, used 222670K [0x0000000080000000, 0x0000000100000000)
  region size 1024K, 3 young (3072K), 3 survivors (3072K)
 Metaspace       used 211015K, committed 212288K, reserved 1245184K
  class space    used 27655K, committed 28288K, reserved 1048576K
}
Event: 1089.728 GC heap before
{Heap before GC invocations=97 (full 0):
 garbage-first heap   total 485376K, used 265678K [0x0000000080000000, 0x0000000100000000)
  region size 1024K, 47 young (48128K), 3 survivors (3072K)
 Metaspace       used 211058K, committed 212352K, reserved 1245184K
  class space    used 27656K, committed 28288K, reserved 1048576K
}

