# JRE version: OpenJDK Runtime Environment (17.0.7) (build 17.0.7+0-b2043.56-10550314)
# Java VM: OpenJDK 64-Bit Server VM (17.0.7+0-b2043.56-10550314, mixed mode, tiered, compressed oops, compressed class ptrs, g1 gc, windows-amd64)
GC Precious Log:
 CPUs: 6 total, 6 available
 Memory: 7322M
 Large Page Support: Disabled
 NUMA Support: Disabled
 Compressed Oops: Enabled (32-bit)
 Heap Region Size: 1M
 Heap Min Capacity: 8M
 Heap Initial Capacity: 116M
 Heap Max Capacity: 2G
 Pre-touch: Disabled
 Parallel Workers: 6
 Concurrent Workers: 2
 Concurrent Refinement Workers: 6
 Periodic GC: Disabled
Heap:
 garbage-first heap   total 137216K, used 76648K [0x0000000080000000, 0x0000000100000000)
  region size 1024K, 4 young (4096K), 3 survivors (3072K)
 Metaspace       used 77292K, committed 77888K, reserved 1179648K
  class space    used 10399K, committed 10688K, reserved 1048576K
GC Heap History (20 events):
Event: 7.665 GC heap before
{Heap before GC invocations=24 (full 0):
 garbage-first heap   total 97280K, used 59572K [0x0000000080000000, 0x0000000100000000)
  region size 1024K, 4 young (4096K), 1 survivors (1024K)
 Metaspace       used 55574K, committed 56128K, reserved 1114112K
  class space    used 7458K, committed 7680K, reserved 1048576K
}
Event: 7.667 GC heap after
{Heap after GC invocations=25 (full 0):
 garbage-first heap   total 137216K, used 59038K [0x0000000080000000, 0x0000000100000000)
  region size 1024K, 1 young (1024K), 1 survivors (1024K)
 Metaspace       used 55574K, committed 56128K, reserved 1114112K
  class space    used 7458K, committed 7680K, reserved 1048576K
}
Event: 8.083 GC heap before
{Heap before GC invocations=25 (full 0):
 garbage-first heap   total 137216K, used 86686K [0x0000000080000000, 0x0000000100000000)
  region size 1024K, 27 young (27648K), 1 survivors (1024K)
 Metaspace       used 58062K, committed 58624K, reserved 1114112K
  class space    used 7828K, committed 8064K, reserved 1048576K
}
Event: 8.085 GC heap after
{Heap after GC invocations=26 (full 0):
 garbage-first heap   total 137216K, used 60999K [0x0000000080000000, 0x0000000100000000)
  region size 1024K, 2 young (2048K), 2 survivors (2048K)
 Metaspace       used 58062K, committed 58624K, reserved 1114112K
  class space    used 7828K, committed 8064K, reserved 1048576K
}
Event: 8.557 GC heap before
{Heap before GC invocations=26 (full 0):
 garbage-first heap   total 137216K, used 89671K [0x0000000080000000, 0x0000000100000000)
  region size 1024K, 30 young (30720K), 2 survivors (2048K)
 Metaspace       used 61099K, committed 61632K, reserved 1114112K
  class space    used 8165K, committed 8384K, reserved 1048576K
}
Event: 8.562 GC heap after
{Heap after GC invocations=27 (full 0):
 garbage-first heap   total 137216K, used 61608K [0x0000000080000000, 0x0000000100000000)
  region size 1024K, 3 young (3072K), 3 survivors (3072K)
 Metaspace       used 61099K, committed 61632K, reserved 1114112K
  class space    used 8165K, committed 8384K, reserved 1048576K
}
Event: 9.324 GC heap before
{Heap before GC invocations=27 (full 0):
 garbage-first heap   total 137216K, used 87208K [0x0000000080000000, 0x0000000100000000)
  region size 1024K, 29 young (29696K), 3 survivors (3072K)
 Metaspace       used 65531K, committed 66112K, reserved 1114112K
  class space    used 8767K, committed 9024K, reserved 1048576K
}
Event: 9.332 GC heap after
{Heap after GC invocations=28 (full 0):
 garbage-first heap   total 137216K, used 63886K [0x0000000080000000, 0x0000000100000000)
  region size 1024K, 5 young (5120K), 5 survivors (5120K)
 Metaspace       used 65531K, committed 66112K, reserved 1114112K
  class space    used 8767K, committed 9024K, reserved 1048576K
}
Event: 9.797 GC heap before
{Heap before GC invocations=29 (full 0):
 garbage-first heap   total 137216K, used 102798K [0x0000000080000000, 0x0000000100000000)
  region size 1024K, 37 young (37888K), 5 survivors (5120K)
 Metaspace       used 67172K, committed 67712K, reserved 1114112K
  class space    used 8999K, committed 9280K, reserved 1048576K
}
Event: 9.803 GC heap after
{Heap after GC invocations=30 (full 0):
 garbage-first heap   total 137216K, used 66873K [0x0000000080000000, 0x0000000100000000)
  region size 1024K, 5 young (5120K), 5 survivors (5120K)
 Metaspace       used 67172K, committed 67712K, reserved 1114112K
  class space    used 8999K, committed 9280K, reserved 1048576K
}
Event: 9.819 GC heap before
{Heap before GC invocations=30 (full 0):
 garbage-first heap   total 137216K, used 67897K [0x0000000080000000, 0x0000000100000000)
  region size 1024K, 6 young (6144K), 5 survivors (5120K)
 Metaspace       used 67236K, committed 67776K, reserved 1114112K
  class space    used 9008K, committed 9280K, reserved 1048576K
}
Event: 9.822 GC heap after
{Heap after GC invocations=31 (full 0):
 garbage-first heap   total 137216K, used 67090K [0x0000000080000000, 0x0000000100000000)
  region size 1024K, 1 young (1024K), 1 survivors (1024K)
 Metaspace       used 67236K, committed 67776K, reserved 1114112K
  class space    used 9008K, committed 9280K, reserved 1048576K
}
Event: 10.506 GC heap before
{Heap before GC invocations=31 (full 0):
 garbage-first heap   total 137216K, used 99858K [0x0000000080000000, 0x0000000100000000)
  region size 1024K, 33 young (33792K), 1 survivors (1024K)
 Metaspace       used 69718K, committed 70272K, reserved 1114112K
  class space    used 9344K, committed 9600K, reserved 1048576K
}
Event: 10.508 GC heap after
{Heap after GC invocations=32 (full 0):
 garbage-first heap   total 137216K, used 68398K [0x0000000080000000, 0x0000000100000000)
  region size 1024K, 2 young (2048K), 2 survivors (2048K)
 Metaspace       used 69718K, committed 70272K, reserved 1114112K
  class space    used 9344K, committed 9600K, reserved 1048576K
}
Event: 10.696 GC heap before
{Heap before GC invocations=32 (full 0):
 garbage-first heap   total 137216K, used 78638K [0x0000000080000000, 0x0000000100000000)
  region size 1024K, 13 young (13312K), 2 survivors (2048K)
 Metaspace       used 70759K, committed 71360K, reserved 1114112K
  class space    used 9503K, committed 9792K, reserved 1048576K
}
Event: 10.698 GC heap after
{Heap after GC invocations=33 (full 0):
 garbage-first heap   total 137216K, used 68808K [0x0000000080000000, 0x0000000100000000)
  region size 1024K, 3 young (3072K), 3 survivors (3072K)
 Metaspace       used 70759K, committed 71360K, reserved 1114112K
  class space    used 9503K, committed 9792K, reserved 1048576K
}
Event: 11.276 GC heap before
{Heap before GC invocations=34 (full 0):
 garbage-first heap   total 137216K, used 108744K [0x0000000080000000, 0x0000000100000000)
  region size 1024K, 38 young (38912K), 3 survivors (3072K)
 Metaspace       used 74589K, committed 75200K, reserved 1114112K
  class space    used 10025K, committed 10304K, reserved 1048576K
}
Event: 11.280 GC heap after
{Heap after GC invocations=35 (full 0):
 garbage-first heap   total 137216K, used 74879K [0x0000000080000000, 0x0000000100000000)
  region size 1024K, 5 young (5120K), 5 survivors (5120K)
 Metaspace       used 74589K, committed 75200K, reserved 1114112K
  class space    used 10025K, committed 10304K, reserved 1048576K
}
Event: 11.299 GC heap before
{Heap before GC invocations=35 (full 0):
 garbage-first heap   total 137216K, used 75903K [0x0000000080000000, 0x0000000100000000)
  region size 1024K, 6 young (6144K), 5 survivors (5120K)
 Metaspace       used 74696K, committed 75264K, reserved 1114112K
  class space    used 10041K, committed 10304K, reserved 1048576K
}
Event: 11.304 GC heap after
{Heap after GC invocations=36 (full 0):
 garbage-first heap   total 137216K, used 74780K [0x0000000080000000, 0x0000000100000000)
  region size 1024K, 1 young (1024K), 1 survivors (1024K)
 Metaspace       used 74696K, committed 75264K, reserved 1114112K
  class space    used 10041K, committed 10304K, reserved 1048576K
}

