# JRE version: OpenJDK Runtime Environment (17.0.7) (build 17.0.7+0-b2043.56-10550314)
# Java VM: OpenJDK 64-Bit Server VM (17.0.7+0-b2043.56-10550314, mixed mode, tiered, compressed oops, compressed class ptrs, g1 gc, windows-amd64)
GC Precious Log:
 CPUs: 6 total, 6 available
 Memory: 7322M
 Large Page Support: Disabled
 NUMA Support: Disabled
 Compressed Oops: Enabled (32-bit)
 Heap Region Size: 1M
 Heap Min Capacity: 8M
 Heap Initial Capacity: 116M
 Heap Max Capacity: 2G
 Pre-touch: Disabled
 Parallel Workers: 6
 Concurrent Workers: 2
 Concurrent Refinement Workers: 6
 Periodic GC: Disabled
Heap:
 garbage-first heap   total 161792K, used 106971K [0x0000000080000000, 0x0000000100000000)
  region size 1024K, 25 young (25600K), 4 survivors (4096K)
 Metaspace       used 89495K, committed 90112K, reserved 1179648K
  class space    used 12331K, committed 12608K, reserved 1048576K
GC Heap History (20 events):
Event: 7.574 GC heap before
{Heap before GC invocations=28 (full 0):
 garbage-first heap   total 134144K, used 105257K [0x0000000080000000, 0x0000000100000000)
  region size 1024K, 39 young (39936K), 4 survivors (4096K)
 Metaspace       used 67390K, committed 68032K, reserved 1114112K
  class space    used 9034K, committed 9344K, reserved 1048576K
}
Event: 7.578 GC heap after
{Heap after GC invocations=29 (full 0):
 garbage-first heap   total 134144K, used 66590K [0x0000000080000000, 0x0000000100000000)
  region size 1024K, 5 young (5120K), 5 survivors (5120K)
 Metaspace       used 67390K, committed 68032K, reserved 1114112K
  class space    used 9034K, committed 9344K, reserved 1048576K
}
Event: 8.080 GC heap before
{Heap before GC invocations=29 (full 0):
 garbage-first heap   total 134144K, used 101406K [0x0000000080000000, 0x0000000100000000)
  region size 1024K, 39 young (39936K), 5 survivors (5120K)
 Metaspace       used 70147K, committed 70720K, reserved 1114112K
  class space    used 9420K, committed 9664K, reserved 1048576K
}
Event: 8.084 GC heap after
{Heap after GC invocations=30 (full 0):
 garbage-first heap   total 134144K, used 68600K [0x0000000080000000, 0x0000000100000000)
  region size 1024K, 2 young (2048K), 2 survivors (2048K)
 Metaspace       used 70147K, committed 70720K, reserved 1114112K
  class space    used 9420K, committed 9664K, reserved 1048576K
}
Event: 8.198 GC heap before
{Heap before GC invocations=31 (full 0):
 garbage-first heap   total 134144K, used 73720K [0x0000000080000000, 0x0000000100000000)
  region size 1024K, 8 young (8192K), 2 survivors (2048K)
 Metaspace       used 70740K, committed 71360K, reserved 1114112K
  class space    used 9509K, committed 9792K, reserved 1048576K
}
Event: 8.200 GC heap after
{Heap after GC invocations=32 (full 0):
 garbage-first heap   total 134144K, used 68672K [0x0000000080000000, 0x0000000100000000)
  region size 1024K, 3 young (3072K), 3 survivors (3072K)
 Metaspace       used 70740K, committed 71360K, reserved 1114112K
  class space    used 9509K, committed 9792K, reserved 1048576K
}
Event: 8.638 GC heap before
{Heap before GC invocations=33 (full 0):
 garbage-first heap   total 134144K, used 108608K [0x0000000080000000, 0x0000000100000000)
  region size 1024K, 38 young (38912K), 3 survivors (3072K)
 Metaspace       used 74611K, committed 75200K, reserved 1114112K
  class space    used 10032K, committed 10304K, reserved 1048576K
}
Event: 8.643 GC heap after
{Heap after GC invocations=34 (full 0):
 garbage-first heap   total 134144K, used 74590K [0x0000000080000000, 0x0000000100000000)
  region size 1024K, 4 young (4096K), 4 survivors (4096K)
 Metaspace       used 74611K, committed 75200K, reserved 1114112K
  class space    used 10032K, committed 10304K, reserved 1048576K
}
Event: 9.195 GC heap before
{Heap before GC invocations=34 (full 0):
 garbage-first heap   total 134144K, used 108382K [0x0000000080000000, 0x0000000100000000)
  region size 1024K, 37 young (37888K), 4 survivors (4096K)
 Metaspace       used 77214K, committed 77824K, reserved 1179648K
  class space    used 10395K, committed 10688K, reserved 1048576K
}
Event: 9.199 GC heap after
{Heap after GC invocations=35 (full 0):
 garbage-first heap   total 134144K, used 76809K [0x0000000080000000, 0x0000000100000000)
  region size 1024K, 5 young (5120K), 5 survivors (5120K)
 Metaspace       used 77214K, committed 77824K, reserved 1179648K
  class space    used 10395K, committed 10688K, reserved 1048576K
}
Event: 9.760 GC heap before
{Heap before GC invocations=36 (full 0):
 garbage-first heap   total 134144K, used 108553K [0x0000000080000000, 0x0000000100000000)
  region size 1024K, 36 young (36864K), 5 survivors (5120K)
 Metaspace       used 78245K, committed 78848K, reserved 1179648K
  class space    used 10528K, committed 10816K, reserved 1048576K
}
Event: 9.769 GC heap after
{Heap after GC invocations=37 (full 0):
 garbage-first heap   total 134144K, used 80730K [0x0000000080000000, 0x0000000100000000)
  region size 1024K, 5 young (5120K), 5 survivors (5120K)
 Metaspace       used 78245K, committed 78848K, reserved 1179648K
  class space    used 10528K, committed 10816K, reserved 1048576K
}
Event: 10.463 GC heap before
{Heap before GC invocations=37 (full 0):
 garbage-first heap   total 134144K, used 108378K [0x0000000080000000, 0x0000000100000000)
  region size 1024K, 33 young (33792K), 5 survivors (5120K)
 Metaspace       used 80407K, committed 80960K, reserved 1179648K
  class space    used 10837K, committed 11072K, reserved 1048576K
}
Event: 10.468 GC heap after
{Heap after GC invocations=38 (full 0):
 garbage-first heap   total 161792K, used 81978K [0x0000000080000000, 0x0000000100000000)
  region size 1024K, 2 young (2048K), 2 survivors (2048K)
 Metaspace       used 80407K, committed 80960K, reserved 1179648K
  class space    used 10837K, committed 11072K, reserved 1048576K
}
Event: 11.414 GC heap before
{Heap before GC invocations=39 (full 0):
 garbage-first heap   total 161792K, used 128058K [0x0000000080000000, 0x0000000100000000)
  region size 1024K, 47 young (48128K), 2 survivors (2048K)
 Metaspace       used 83979K, committed 84544K, reserved 1179648K
  class space    used 11540K, committed 11840K, reserved 1048576K
}
Event: 11.417 GC heap after
{Heap after GC invocations=40 (full 0):
 garbage-first heap   total 161792K, used 83411K [0x0000000080000000, 0x0000000100000000)
  region size 1024K, 3 young (3072K), 3 survivors (3072K)
 Metaspace       used 83979K, committed 84544K, reserved 1179648K
  class space    used 11540K, committed 11840K, reserved 1048576K
}
Event: 11.478 GC heap before
{Heap before GC invocations=40 (full 0):
 garbage-first heap   total 161792K, used 86483K [0x0000000080000000, 0x0000000100000000)
  region size 1024K, 7 young (7168K), 3 survivors (3072K)
 Metaspace       used 84323K, committed 84928K, reserved 1179648K
  class space    used 11581K, committed 11840K, reserved 1048576K
}
Event: 11.482 GC heap after
{Heap after GC invocations=41 (full 0):
 garbage-first heap   total 161792K, used 83731K [0x0000000080000000, 0x0000000100000000)
  region size 1024K, 1 young (1024K), 1 survivors (1024K)
 Metaspace       used 84323K, committed 84928K, reserved 1179648K
  class space    used 11581K, committed 11840K, reserved 1048576K
}
Event: 12.494 GC heap before
{Heap before GC invocations=41 (full 0):
 garbage-first heap   total 161792K, used 130835K [0x0000000080000000, 0x0000000100000000)
  region size 1024K, 47 young (48128K), 1 survivors (1024K)
 Metaspace       used 87863K, committed 88512K, reserved 1179648K
  class space    used 12097K, committed 12416K, reserved 1048576K
}
Event: 12.499 GC heap after
{Heap after GC invocations=42 (full 0):
 garbage-first heap   total 161792K, used 86491K [0x0000000080000000, 0x0000000100000000)
  region size 1024K, 4 young (4096K), 4 survivors (4096K)
 Metaspace       used 87863K, committed 88512K, reserved 1179648K
  class space    used 12097K, committed 12416K, reserved 1048576K
}

