# JRE version: OpenJDK Runtime Environment (17.0.7) (build 17.0.7+0-b2043.56-10550314)
# Java VM: OpenJDK 64-Bit Server VM (17.0.7+0-b2043.56-10550314, mixed mode, tiered, compressed oops, compressed class ptrs, g1 gc, windows-amd64)
GC Precious Log:
 CPUs: 6 total, 6 available
 Memory: 7322M
 Large Page Support: Disabled
 NUMA Support: Disabled
 Compressed Oops: Enabled (32-bit)
 Heap Region Size: 1M
 Heap Min Capacity: 8M
 Heap Initial Capacity: 116M
 Heap Max Capacity: 2G
 Pre-touch: Disabled
 Parallel Workers: 6
 Concurrent Workers: 2
 Concurrent Refinement Workers: 6
 Periodic GC: Disabled
Heap:
 garbage-first heap   total 260096K, used 102394K [0x0000000080000000, 0x0000000100000000)
  region size 1024K, 19 young (19456K), 16 survivors (16384K)
 Metaspace       used 97283K, committed 97920K, reserved 1179648K
  class space    used 13447K, committed 13760K, reserved 1048576K
GC Heap History (20 events):
Event: 7.812 GC heap before
{Heap before GC invocations=25 (full 0):
 garbage-first heap   total 121856K, used 64576K [0x0000000080000000, 0x0000000100000000)
  region size 1024K, 5 young (5120K), 2 survivors (2048K)
 Metaspace       used 60833K, committed 61376K, reserved 1114112K
  class space    used 8143K, committed 8384K, reserved 1048576K
}
Event: 7.814 GC heap after
{Heap after GC invocations=26 (full 0):
 garbage-first heap   total 121856K, used 61279K [0x0000000080000000, 0x0000000100000000)
  region size 1024K, 1 young (1024K), 1 survivors (1024K)
 Metaspace       used 60833K, committed 61376K, reserved 1114112K
  class space    used 8143K, committed 8384K, reserved 1048576K
}
Event: 8.331 GC heap before
{Heap before GC invocations=26 (full 0):
 garbage-first heap   total 121856K, used 89951K [0x0000000080000000, 0x0000000100000000)
  region size 1024K, 30 young (30720K), 1 survivors (1024K)
 Metaspace       used 65441K, committed 66112K, reserved 1114112K
  class space    used 8765K, committed 9088K, reserved 1048576K
}
Event: 8.335 GC heap after
{Heap after GC invocations=27 (full 0):
 garbage-first heap   total 121856K, used 63638K [0x0000000080000000, 0x0000000100000000)
  region size 1024K, 3 young (3072K), 3 survivors (3072K)
 Metaspace       used 65441K, committed 66112K, reserved 1114112K
  class space    used 8765K, committed 9088K, reserved 1048576K
}
Event: 8.685 GC heap before
{Heap before GC invocations=28 (full 0):
 garbage-first heap   total 130048K, used 99478K [0x0000000080000000, 0x0000000100000000)
  region size 1024K, 32 young (32768K), 3 survivors (3072K)
 Metaspace       used 66908K, committed 67584K, reserved 1114112K
  class space    used 8963K, committed 9280K, reserved 1048576K
}
Event: 8.689 GC heap after
{Heap after GC invocations=29 (full 0):
 garbage-first heap   total 130048K, used 66684K [0x0000000080000000, 0x0000000100000000)
  region size 1024K, 4 young (4096K), 4 survivors (4096K)
 Metaspace       used 66908K, committed 67584K, reserved 1114112K
  class space    used 8963K, committed 9280K, reserved 1048576K
}
Event: 9.032 GC heap before
{Heap before GC invocations=29 (full 0):
 garbage-first heap   total 130048K, used 98428K [0x0000000080000000, 0x0000000100000000)
  region size 1024K, 35 young (35840K), 4 survivors (4096K)
 Metaspace       used 69300K, committed 69952K, reserved 1114112K
  class space    used 9269K, committed 9600K, reserved 1048576K
}
Event: 9.035 GC heap after
{Heap after GC invocations=30 (full 0):
 garbage-first heap   total 130048K, used 68745K [0x0000000080000000, 0x0000000100000000)
  region size 1024K, 2 young (2048K), 2 survivors (2048K)
 Metaspace       used 69300K, committed 69952K, reserved 1114112K
  class space    used 9269K, committed 9600K, reserved 1048576K
}
Event: 9.263 GC heap before
{Heap before GC invocations=31 (full 0):
 garbage-first heap   total 130048K, used 83081K [0x0000000080000000, 0x0000000100000000)
  region size 1024K, 17 young (17408K), 2 survivors (2048K)
 Metaspace       used 70665K, committed 71232K, reserved 1114112K
  class space    used 9501K, committed 9792K, reserved 1048576K
}
Event: 9.265 GC heap after
{Heap after GC invocations=32 (full 0):
 garbage-first heap   total 130048K, used 69305K [0x0000000080000000, 0x0000000100000000)
  region size 1024K, 3 young (3072K), 3 survivors (3072K)
 Metaspace       used 70665K, committed 71232K, reserved 1114112K
  class space    used 9501K, committed 9792K, reserved 1048576K
}
Event: 9.724 GC heap before
{Heap before GC invocations=33 (full 0):
 garbage-first heap   total 130048K, used 107193K [0x0000000080000000, 0x0000000100000000)
  region size 1024K, 36 young (36864K), 3 survivors (3072K)
 Metaspace       used 74224K, committed 74752K, reserved 1114112K
  class space    used 9985K, committed 10240K, reserved 1048576K
}
Event: 9.728 GC heap after
{Heap after GC invocations=34 (full 0):
 garbage-first heap   total 130048K, used 75604K [0x0000000080000000, 0x0000000100000000)
  region size 1024K, 5 young (5120K), 5 survivors (5120K)
 Metaspace       used 74224K, committed 74752K, reserved 1114112K
  class space    used 9985K, committed 10240K, reserved 1048576K
}
Event: 9.740 GC heap before
{Heap before GC invocations=34 (full 0):
 garbage-first heap   total 130048K, used 76628K [0x0000000080000000, 0x0000000100000000)
  region size 1024K, 6 young (6144K), 5 survivors (5120K)
 Metaspace       used 74355K, committed 74944K, reserved 1114112K
  class space    used 10005K, committed 10304K, reserved 1048576K
}
Event: 9.745 GC heap after
{Heap after GC invocations=35 (full 0):
 garbage-first heap   total 130048K, used 75064K [0x0000000080000000, 0x0000000100000000)
  region size 1024K, 1 young (1024K), 1 survivors (1024K)
 Metaspace       used 74355K, committed 74944K, reserved 1114112K
  class space    used 10005K, committed 10304K, reserved 1048576K
}
Event: 10.118 GC heap before
{Heap before GC invocations=35 (full 0):
 garbage-first heap   total 130048K, used 105784K [0x0000000080000000, 0x0000000100000000)
  region size 1024K, 31 young (31744K), 1 survivors (1024K)
 Metaspace       used 76891K, committed 77504K, reserved 1179648K
  class space    used 10358K, committed 10624K, reserved 1048576K
}
Event: 10.122 GC heap after
{Heap after GC invocations=36 (full 0):
 garbage-first heap   total 260096K, used 76583K [0x0000000080000000, 0x0000000100000000)
  region size 1024K, 2 young (2048K), 2 survivors (2048K)
 Metaspace       used 76891K, committed 77504K, reserved 1179648K
  class space    used 10358K, committed 10624K, reserved 1048576K
}
Event: 13.184 GC heap before
{Heap before GC invocations=37 (full 0):
 garbage-first heap   total 260096K, used 183079K [0x0000000080000000, 0x0000000100000000)
  region size 1024K, 105 young (107520K), 2 survivors (2048K)
 Metaspace       used 83437K, committed 84096K, reserved 1179648K
  class space    used 11447K, committed 11776K, reserved 1048576K
}
Event: 13.194 GC heap after
{Heap after GC invocations=38 (full 0):
 garbage-first heap   total 260096K, used 83154K [0x0000000080000000, 0x0000000100000000)
  region size 1024K, 9 young (9216K), 9 survivors (9216K)
 Metaspace       used 83437K, committed 84096K, reserved 1179648K
  class space    used 11447K, committed 11776K, reserved 1048576K
}
Event: 27.577 GC heap before
{Heap before GC invocations=38 (full 0):
 garbage-first heap   total 260096K, used 194770K [0x0000000080000000, 0x0000000100000000)
  region size 1024K, 118 young (120832K), 9 survivors (9216K)
 Metaspace       used 92155K, committed 92800K, reserved 1179648K
  class space    used 12772K, committed 13056K, reserved 1048576K
}
Event: 27.792 GC heap after
{Heap after GC invocations=39 (full 0):
 garbage-first heap   total 260096K, used 89639K [0x0000000080000000, 0x0000000100000000)
  region size 1024K, 13 young (13312K), 13 survivors (13312K)
 Metaspace       used 92155K, committed 92800K, reserved 1179648K
  class space    used 12772K, committed 13056K, reserved 1048576K
}

