# JRE version: OpenJDK Runtime Environment (17.0.7) (build 17.0.7+0-b2043.56-10550314)
# Java VM: OpenJDK 64-Bit Server VM (17.0.7+0-b2043.56-10550314, mixed mode, tiered, compressed oops, compressed class ptrs, g1 gc, windows-amd64)
GC Precious Log:
 CPUs: 6 total, 6 available
 Memory: 7322M
 Large Page Support: Disabled
 NUMA Support: Disabled
 Compressed Oops: Enabled (32-bit)
 Heap Region Size: 1M
 Heap Min Capacity: 8M
 Heap Initial Capacity: 116M
 Heap Max Capacity: 2G
 Pre-touch: Disabled
 Parallel Workers: 6
 Concurrent Workers: 2
 Concurrent Refinement Workers: 6
 Periodic GC: Disabled
Heap:
 garbage-first heap   total 342016K, used 158048K [0x0000000080000000, 0x0000000100000000)
  region size 1024K, 5 young (5120K), 5 survivors (5120K)
 Metaspace       used 136426K, committed 138368K, reserved 1179648K
  class space    used 18223K, committed 19200K, reserved 1048576K
GC Heap History (20 events):
Event: 18256.190 GC heap after
{Heap after GC invocations=126 (full 1):
 garbage-first heap   total 342016K, used 135915K [0x0000000080000000, 0x0000000100000000)
  region size 1024K, 7 young (7168K), 7 survivors (7168K)
 Metaspace       used 135605K, committed 137472K, reserved 1179648K
  class space    used 18178K, committed 19072K, reserved 1048576K
}
Event: 18256.715 GC heap before
{Heap before GC invocations=127 (full 1):
 garbage-first heap   total 342016K, used 157419K [0x0000000080000000, 0x0000000100000000)
  region size 1024K, 30 young (30720K), 7 survivors (7168K)
 Metaspace       used 135737K, committed 137664K, reserved 1179648K
  class space    used 18188K, committed 19136K, reserved 1048576K
}
Event: 18256.720 GC heap after
{Heap after GC invocations=128 (full 1):
 garbage-first heap   total 342016K, used 133867K [0x0000000080000000, 0x0000000100000000)
  region size 1024K, 5 young (5120K), 5 survivors (5120K)
 Metaspace       used 135737K, committed 137664K, reserved 1179648K
  class space    used 18188K, committed 19136K, reserved 1048576K
}
Event: 18352.134 GC heap before
{Heap before GC invocations=129 (full 1):
 garbage-first heap   total 342016K, used 292587K [0x0000000080000000, 0x0000000100000000)
  region size 1024K, 147 young (150528K), 5 survivors (5120K)
 Metaspace       used 135794K, committed 137728K, reserved 1179648K
  class space    used 18191K, committed 19136K, reserved 1048576K
}
Event: 18352.178 GC heap after
{Heap after GC invocations=130 (full 1):
 garbage-first heap   total 342016K, used 131504K [0x0000000080000000, 0x0000000100000000)
  region size 1024K, 7 young (7168K), 7 survivors (7168K)
 Metaspace       used 135794K, committed 137728K, reserved 1179648K
  class space    used 18191K, committed 19136K, reserved 1048576K
}
Event: 18352.280 GC heap before
{Heap before GC invocations=130 (full 1):
 garbage-first heap   total 342016K, used 139696K [0x0000000080000000, 0x0000000100000000)
  region size 1024K, 16 young (16384K), 7 survivors (7168K)
 Metaspace       used 135809K, committed 137728K, reserved 1179648K
  class space    used 18191K, committed 19136K, reserved 1048576K
}
Event: 18352.300 GC heap after
{Heap after GC invocations=131 (full 1):
 garbage-first heap   total 342016K, used 131840K [0x0000000080000000, 0x0000000100000000)
  region size 1024K, 2 young (2048K), 2 survivors (2048K)
 Metaspace       used 135809K, committed 137728K, reserved 1179648K
  class space    used 18191K, committed 19136K, reserved 1048576K
}
Event: 18440.655 GC heap before
{Heap before GC invocations=131 (full 1):
 garbage-first heap   total 342016K, used 280320K [0x0000000080000000, 0x0000000100000000)
  region size 1024K, 148 young (151552K), 2 survivors (2048K)
 Metaspace       used 135968K, committed 137856K, reserved 1179648K
  class space    used 18204K, committed 19136K, reserved 1048576K
}
Event: 18440.833 GC heap after
{Heap after GC invocations=132 (full 1):
 garbage-first heap   total 342016K, used 147041K [0x0000000080000000, 0x0000000100000000)
  region size 1024K, 17 young (17408K), 17 survivors (17408K)
 Metaspace       used 135968K, committed 137856K, reserved 1179648K
  class space    used 18204K, committed 19136K, reserved 1048576K
}
Event: 18807.476 GC heap before
{Heap before GC invocations=133 (full 1):
 garbage-first heap   total 342016K, used 274017K [0x0000000080000000, 0x0000000100000000)
  region size 1024K, 144 young (147456K), 17 survivors (17408K)
 Metaspace       used 136024K, committed 137984K, reserved 1179648K
  class space    used 18204K, committed 19136K, reserved 1048576K
}
Event: 18807.571 GC heap after
{Heap after GC invocations=134 (full 1):
 garbage-first heap   total 342016K, used 156504K [0x0000000080000000, 0x0000000100000000)
  region size 1024K, 13 young (13312K), 13 survivors (13312K)
 Metaspace       used 136024K, committed 137984K, reserved 1179648K
  class space    used 18204K, committed 19136K, reserved 1048576K
}
Event: 18807.588 GC heap before
{Heap before GC invocations=134 (full 1):
 garbage-first heap   total 342016K, used 159576K [0x0000000080000000, 0x0000000100000000)
  region size 1024K, 16 young (16384K), 13 survivors (13312K)
 Metaspace       used 136024K, committed 137984K, reserved 1179648K
  class space    used 18204K, committed 19136K, reserved 1048576K
}
Event: 18807.605 GC heap after
{Heap after GC invocations=135 (full 1):
 garbage-first heap   total 342016K, used 155267K [0x0000000080000000, 0x0000000100000000)
  region size 1024K, 2 young (2048K), 2 survivors (2048K)
 Metaspace       used 136024K, committed 137984K, reserved 1179648K
  class space    used 18204K, committed 19136K, reserved 1048576K
}
Event: 19181.860 GC heap before
{Heap before GC invocations=135 (full 1):
 garbage-first heap   total 342016K, used 276099K [0x0000000080000000, 0x0000000100000000)
  region size 1024K, 121 young (123904K), 2 survivors (2048K)
 Metaspace       used 136127K, committed 138048K, reserved 1179648K
  class space    used 18207K, committed 19136K, reserved 1048576K
}
Event: 19181.894 GC heap after
{Heap after GC invocations=136 (full 1):
 garbage-first heap   total 342016K, used 164357K [0x0000000080000000, 0x0000000100000000)
  region size 1024K, 11 young (11264K), 11 survivors (11264K)
 Metaspace       used 136127K, committed 138048K, reserved 1179648K
  class space    used 18207K, committed 19136K, reserved 1048576K
}
Event: 19447.137 GC heap before
{Heap before GC invocations=137 (full 1):
 garbage-first heap   total 342016K, used 268805K [0x0000000080000000, 0x0000000100000000)
  region size 1024K, 121 young (123904K), 11 survivors (11264K)
 Metaspace       used 136247K, committed 138240K, reserved 1179648K
  class space    used 18217K, committed 19200K, reserved 1048576K
}
Event: 19447.182 GC heap after
{Heap after GC invocations=138 (full 1):
 garbage-first heap   total 342016K, used 166519K [0x0000000080000000, 0x0000000100000000)
  region size 1024K, 10 young (10240K), 10 survivors (10240K)
 Metaspace       used 136247K, committed 138240K, reserved 1179648K
  class space    used 18217K, committed 19200K, reserved 1048576K
}
Event: 19447.205 GC heap before
{Heap before GC invocations=138 (full 1):
 garbage-first heap   total 342016K, used 171639K [0x0000000080000000, 0x0000000100000000)
  region size 1024K, 16 young (16384K), 10 survivors (10240K)
 Metaspace       used 136247K, committed 138240K, reserved 1179648K
  class space    used 18217K, committed 19200K, reserved 1048576K
}
Event: 19447.226 GC heap after
{Heap after GC invocations=139 (full 1):
 garbage-first heap   total 342016K, used 155741K [0x0000000080000000, 0x0000000100000000)
  region size 1024K, 2 young (2048K), 2 survivors (2048K)
 Metaspace       used 136247K, committed 138240K, reserved 1179648K
  class space    used 18217K, committed 19200K, reserved 1048576K
}
Event: 19450.485 GC heap before
{Heap before GC invocations=139 (full 1):
 garbage-first heap   total 342016K, used 225373K [0x0000000080000000, 0x0000000100000000)
  region size 1024K, 72 young (73728K), 2 survivors (2048K)
 Metaspace       used 136426K, committed 138368K, reserved 1179648K
  class space    used 18223K, committed 19200K, reserved 1048576K
}

